<?xml version="1.0" encoding="UTF-8"?>
<words>
    <item>
        <image>bw.png</image>
        <word>ꜥšḫẖḥṯḏ</word>
        <type>Sustantivos</type>
        <meaning>Prueba.</meaning>
    </item>
    <item>
        <image>bw.png</image>
        <word>ꜥšḫẖḥṯḏ</word>
        <type>Sustantivos</type>
        <meaning>Prueba.</meaning>
    </item>
    <item>
        <image>bw.png</image>
        <word>ꜥšḫẖḥṯḏ</word>
        <type>Sustantivos2</type>
        <meaning>Prueba.</meaning>
    </item>
    <item>
        <image>bw.png</image>
        <word>ꜥšḫẖḥṯḏ</word>
        <type>Sustantivos2</type>
        <meaning>Prueba.</meaning>
    </item>
</words>